actionbarsherlock/build/outputs/logs/manifest-merger-debug-report.txt
-- Merging decision tree log ---
manifest
ADDED from Accountant\actionbarsherlock\AndroidManifest.xml:2:1-5:12
INJECTED from Accountant\actionbarsherlock\AndroidManifest.xml:2:1-5:12
INJECTED from Accountant\actionbarsherlock\AndroidManifest.xml:2:1-5:12
INJECTED from Accountant\actionbarsherlock\AndroidManifest.xml:2:1-5:12
INJECTED from Accountant\actionbarsherlock\AndroidManifest.xml:2:1-5:12
INJECTED from Accountant\actionbarsherlock\AndroidManifest.xml:2:1-5:12
INJECTED from Accountant\actionbarsherlock\AndroidManifest.xml:2:1-5:12
	package
		ADDED from Accountant\actionbarsherlock\AndroidManifest.xml:2:124-155
		INJECTED from Accountant\actionbarsherlock\AndroidManifest.xml
		INJECTED from Accountant\actionbarsherlock\AndroidManifest.xml
	android:versionName
		ADDED from Accountant\actionbarsherlock\AndroidManifest.xml:2:96-123
		INJECTED from Accountant\actionbarsherlock\AndroidManifest.xml
		INJECTED from Accountant\actionbarsherlock\AndroidManifest.xml
	xmlns:android
		ADDED from Accountant\actionbarsherlock\AndroidManifest.xml:2:11-69
	android:versionCode
		ADDED from Accountant\actionbarsherlock\AndroidManifest.xml:2:70-95
		INJECTED from Accountant\actionbarsherlock\AndroidManifest.xml
		INJECTED from Accountant\actionbarsherlock\AndroidManifest.xml
uses-sdk
ADDED from Accountant\actionbarsherlock\AndroidManifest.xml:3:3-70
	android:targetSdkVersion
		ADDED from Accountant\actionbarsherlock\AndroidManifest.xml:3:39-68
	android:minSdkVersion
		ADDED from Accountant\actionbarsherlock\AndroidManifest.xml:3:13-38
application
ADDED from Accountant\actionbarsherlock\AndroidManifest.xml:4:3-17